2022-04-14 19:42:31 -  - exec CUpdateClientPartner::__CollectRequestData
2022-04-14 19:42:31 -  - exec CUpdateClientPartner::GetHTTPPage
2022-04-14 19:42:32 -  - exec CUpdateClientPartner::ParseServerData
2022-04-14 19:42:32 -  - exec CUpdateClientPartner::GetUpdatesList
2022-04-14 19:42:32 -  - exec CUpdateClientPartner::__CollectRequestData
2022-04-14 19:42:32 -  - utf=Y&lang=ru&stable=Y&CANGZIP=Y&SUPD_DBS=MYSQL&XE=N&CLIENT_SITE=91.247.36.84&LICENSE_KEY=X&SUPD_STS=1&SUPD_URS=0&SUPD_URSA=1&TYPENC=D&CLIENT_PHPVER=7.4.28&NGINX=Y&dbv=8.0.26&instm=main%2C21.400.100%2CY%3Babtest%2C21.0.0%2CN%3Badvertising%2C21.100.0%2CN%3Bb24connector%2C21.0.0%2CN%3Bbitrix.eshop%2C21.0.100%2CN%3Bbitrix.sitecommunity%2C15.5.0%2CN%3Bbitrix.sitecorporate%2C15.5.0%2CN%3Bbitrix.siteinfoportal%2C15.5.0%2CN%3Bbitrix.sitepersonal%2C15.5.0%2CN%3Bbitrixcloud%2C21.0.0%2CN%3Bbizproc%2C21.200.200%2CN%3Bbizprocdesigner%2C21.100.0%2CN%3Bblog%2C21.200.0%2CN%3Bcalendar%2C21.200.0%2CN%3Bcatalog%2C21.200.0%2CN%3Bclouds%2C21.100.0%2CN%3Bconversion%2C21.0.0%2CN%3Bcurrency%2C21.100.0%2CN%3Bfileman%2C21.200.0%2CN%3Bform%2C21.0.0%2CN%3Bforum%2C21.100.0%2CN%3Bhighloadblock%2C21.100.0%2CN%3Biblock%2C21.400.100%2CN%3Bidea%2C21.0.0%2CN%3Bim%2C21.300.100%2CN%3Blanding%2C21.300.300%2CN%3Blearning%2C21.0.0%2CN%3Blists%2C21.100.0%2CN%3Bmail%2C21.100.100%2CN%3Bmessageservice%2C21.100.0%2CN%3Bmobileapp%2C21.0.50%2CN%3Bperfmon%2C21.0.0%2CN%3Bphotogallery%2C21.0.0%2CN%3Bpull%2C21.200.0%2CN%3Breport%2C21.100.0%2CN%3Brest%2C21.200.0%2CN%3Bsale%2C21.400.0%2CN%3Bscale%2C21.0.0%2CN%3Bsearch%2C21.0.100%2CN%3Bsecurity%2C21.0.0%2CN%3Bsender%2C21.100.100%2CN%3Bseo%2C21.300.0%2CN%3Bsocialnetwork%2C21.350.0%2CN%3Bsocialservices%2C21.100.0%2CN%3Bstatistic%2C21.0.0%2CN%3Bstoreassist%2C21.0.0%2CN%3Bsubscribe%2C21.0.0%2CN%3Bsupport%2C21.0.0%2CN%3Btranslate%2C21.100.0%2CN%3Bui%2C21.300.0%2CN%3Bvote%2C21.0.0%2CN%3Bwebservice%2C21.0.0%2CN%3Bwiki%2C21.100.0%2CN%3Bworkflow%2C21.0.0%2CN&reqm=bitrix.eshop%2Cbitrix.sitecommunity%2Cbitrix.sitecorporate%2Cbitrix.siteinfoportal%2Cbitrix.sitepersonal&fullmoduleinfo=Y&SUPD_SRS=RU&SUPD_CMP=N
2022-04-14 19:42:32 -  - exec CUpdateClientPartner::GetHTTPPage
2022-04-14 19:42:32 -  - TIME GetUpdatesList(request) 0.285 sec
2022-04-14 19:42:32 -  - exec CUpdateClientPartner::ParseServerData
2022-04-14 19:42:32 -  - exec CUpdateClientPartner::__CollectRequestData
2022-04-14 19:42:32 -  - exec CUpdateClientPartner::GetHTTPPage
2022-04-14 19:42:32 -  - exec CUpdateClientPartner::ParseServerData
2022-04-14 19:42:56 -  - exec CUpdateClientPartner::GetUpdatesList
2022-04-14 19:42:56 -  - exec CUpdateClientPartner::__CollectRequestData
2022-04-14 19:42:56 -  - utf=Y&lang=ru&stable=Y&CANGZIP=Y&SUPD_DBS=MYSQL&XE=N&CLIENT_SITE=91.247.36.84&LICENSE_KEY=X&SUPD_STS=1&SUPD_URS=0&SUPD_URSA=1&TYPENC=D&CLIENT_PHPVER=7.4.28&NGINX=Y&dbv=8.0.26&instm=main%2C21.400.100%2CY%3Babtest%2C21.0.0%2CN%3Badvertising%2C21.100.0%2CN%3Bb24connector%2C21.0.0%2CN%3Bbitrix.eshop%2C21.0.100%2CN%3Bbitrix.sitecommunity%2C15.5.0%2CN%3Bbitrix.sitecorporate%2C15.5.0%2CN%3Bbitrix.siteinfoportal%2C15.5.0%2CN%3Bbitrix.sitepersonal%2C15.5.0%2CN%3Bbitrixcloud%2C21.0.0%2CN%3Bbizproc%2C21.200.200%2CN%3Bbizprocdesigner%2C21.100.0%2CN%3Bblog%2C21.200.0%2CN%3Bcalendar%2C21.200.0%2CN%3Bcatalog%2C21.200.0%2CN%3Bclouds%2C21.100.0%2CN%3Bconversion%2C21.0.0%2CN%3Bcurrency%2C21.100.0%2CN%3Bfileman%2C21.200.0%2CN%3Bform%2C21.0.0%2CN%3Bforum%2C21.100.0%2CN%3Bhighloadblock%2C21.100.0%2CN%3Biblock%2C21.400.100%2CN%3Bidea%2C21.0.0%2CN%3Bim%2C21.300.100%2CN%3Blanding%2C21.300.300%2CN%3Blearning%2C21.0.0%2CN%3Blists%2C21.100.0%2CN%3Bmail%2C21.100.100%2CN%3Bmessageservice%2C21.100.0%2CN%3Bmobileapp%2C21.0.50%2CN%3Bperfmon%2C21.0.0%2CN%3Bphotogallery%2C21.0.0%2CN%3Bpull%2C21.200.0%2CN%3Breport%2C21.100.0%2CN%3Brest%2C21.200.0%2CN%3Bsale%2C21.400.0%2CN%3Bscale%2C21.0.0%2CN%3Bsearch%2C21.0.100%2CN%3Bsecurity%2C21.0.0%2CN%3Bsender%2C21.100.100%2CN%3Bseo%2C21.300.0%2CN%3Bsocialnetwork%2C21.350.0%2CN%3Bsocialservices%2C21.100.0%2CN%3Bstatistic%2C21.0.0%2CN%3Bstoreassist%2C21.0.0%2CN%3Bsubscribe%2C21.0.0%2CN%3Bsupport%2C21.0.0%2CN%3Btranslate%2C21.100.0%2CN%3Bui%2C21.300.0%2CN%3Bvote%2C21.0.0%2CN%3Bwebservice%2C21.0.0%2CN%3Bwiki%2C21.100.0%2CN%3Bworkflow%2C21.0.0%2CN&reqm=bitrix.eshop%2Cbitrix.sitecommunity%2Cbitrix.sitecorporate%2Cbitrix.siteinfoportal%2Cbitrix.sitepersonal&fullmoduleinfo=Y&SUPD_SRS=RU&SUPD_CMP=N
2022-04-14 19:42:56 -  - exec CUpdateClientPartner::GetHTTPPage
2022-04-14 19:42:57 -  - TIME GetUpdatesList(request) 0.266 sec
2022-04-14 19:42:57 -  - exec CUpdateClientPartner::ParseServerData
2022-04-14 19:43:01 -  - exec CUpdateClientPartner::GetUpdatesList
2022-04-14 19:43:01 -  - exec CUpdateClientPartner::__CollectRequestData
2022-04-14 19:43:01 -  - utf=Y&lang=ru&stable=Y&CANGZIP=Y&SUPD_DBS=MYSQL&XE=N&CLIENT_SITE=91.247.36.84&LICENSE_KEY=X&SUPD_STS=1&SUPD_URS=0&SUPD_URSA=1&TYPENC=D&CLIENT_PHPVER=7.4.28&NGINX=Y&dbv=8.0.26&instm=main%2C21.400.100%2CY%3Babtest%2C21.0.0%2CN%3Badvertising%2C21.100.0%2CN%3Bb24connector%2C21.0.0%2CN%3Bbitrix.eshop%2C21.0.100%2CN%3Bbitrix.sitecommunity%2C15.5.0%2CN%3Bbitrix.sitecorporate%2C15.5.0%2CN%3Bbitrix.siteinfoportal%2C15.5.0%2CN%3Bbitrix.sitepersonal%2C15.5.0%2CN%3Bbitrixcloud%2C21.0.0%2CN%3Bbizproc%2C21.200.200%2CN%3Bbizprocdesigner%2C21.100.0%2CN%3Bblog%2C21.200.0%2CN%3Bcalendar%2C21.200.0%2CN%3Bcatalog%2C21.200.0%2CN%3Bclouds%2C21.100.0%2CN%3Bconversion%2C21.0.0%2CN%3Bcurrency%2C21.100.0%2CN%3Bfileman%2C21.200.0%2CN%3Bform%2C21.0.0%2CN%3Bforum%2C21.100.0%2CN%3Bhighloadblock%2C21.100.0%2CN%3Biblock%2C21.400.100%2CN%3Bidea%2C21.0.0%2CN%3Bim%2C21.300.100%2CN%3Blanding%2C21.300.300%2CN%3Blearning%2C21.0.0%2CN%3Blists%2C21.100.0%2CN%3Bmail%2C21.100.100%2CN%3Bmessageservice%2C21.100.0%2CN%3Bmobileapp%2C21.0.50%2CN%3Bperfmon%2C21.0.0%2CN%3Bphotogallery%2C21.0.0%2CN%3Bpull%2C21.200.0%2CN%3Breport%2C21.100.0%2CN%3Brest%2C21.200.0%2CN%3Bsale%2C21.400.0%2CN%3Bscale%2C21.0.0%2CN%3Bsearch%2C21.0.100%2CN%3Bsecurity%2C21.0.0%2CN%3Bsender%2C21.100.100%2CN%3Bseo%2C21.300.0%2CN%3Bsocialnetwork%2C21.350.0%2CN%3Bsocialservices%2C21.100.0%2CN%3Bstatistic%2C21.0.0%2CN%3Bstoreassist%2C21.0.0%2CN%3Bsubscribe%2C21.0.0%2CN%3Bsupport%2C21.0.0%2CN%3Btranslate%2C21.100.0%2CN%3Bui%2C21.300.0%2CN%3Bvote%2C21.0.0%2CN%3Bwebservice%2C21.0.0%2CN%3Bwiki%2C21.100.0%2CN%3Bworkflow%2C21.0.0%2CN&reqm=bitrix.eshop%2Cbitrix.sitecommunity%2Cbitrix.sitecorporate%2Cbitrix.siteinfoportal%2Cbitrix.sitepersonal&SUPD_SRS=RU&SUPD_CMP=N
2022-04-14 19:43:01 -  - exec CUpdateClientPartner::GetHTTPPage
2022-04-14 19:43:01 -  - TIME GetUpdatesList(request) 0.264 sec
2022-04-14 19:43:01 -  - exec CUpdateClientPartner::ParseServerData
2022-04-14 19:50:24 -  - exec CUpdateClientPartner::GetUpdatesList
2022-04-14 19:50:24 -  - exec CUpdateClientPartner::__CollectRequestData
2022-04-14 19:50:24 -  - utf=Y&lang=ru&stable=Y&CANGZIP=Y&SUPD_DBS=MYSQL&XE=N&CLIENT_SITE=91.247.36.84&LICENSE_KEY=X&SUPD_STS=1&SUPD_URS=0&SUPD_URSA=1&TYPENC=D&CLIENT_PHPVER=7.4.28&NGINX=Y&dbv=8.0.26&instm=main%2C21.400.100%2CY%3Babtest%2C21.0.0%2CN%3Badvertising%2C21.100.0%2CN%3Bb24connector%2C21.0.0%2CN%3Bbitrix.eshop%2C21.0.100%2CN%3Bbitrix.sitecommunity%2C15.5.0%2CN%3Bbitrix.sitecorporate%2C15.5.0%2CN%3Bbitrix.siteinfoportal%2C15.5.0%2CN%3Bbitrix.sitepersonal%2C15.5.0%2CN%3Bbitrixcloud%2C21.0.0%2CN%3Bbizproc%2C21.200.200%2CN%3Bbizprocdesigner%2C21.100.0%2CN%3Bblog%2C21.200.0%2CN%3Bcalendar%2C21.200.0%2CN%3Bcatalog%2C21.200.0%2CN%3Bclouds%2C21.100.0%2CN%3Bconversion%2C21.0.0%2CN%3Bcurrency%2C21.100.0%2CN%3Bfileman%2C21.200.0%2CN%3Bform%2C21.0.0%2CN%3Bforum%2C21.100.0%2CN%3Bhighloadblock%2C21.100.0%2CN%3Biblock%2C21.400.100%2CN%3Bidea%2C21.0.0%2CN%3Bim%2C21.300.100%2CN%3Blanding%2C21.300.300%2CN%3Blearning%2C21.0.0%2CN%3Blists%2C21.100.0%2CN%3Bmail%2C21.100.100%2CN%3Bmessageservice%2C21.100.0%2CN%3Bmobileapp%2C21.0.50%2CN%3Bperfmon%2C21.0.0%2CN%3Bphotogallery%2C21.0.0%2CN%3Bpull%2C21.200.0%2CN%3Breport%2C21.100.0%2CN%3Brest%2C21.200.0%2CN%3Bsale%2C21.400.0%2CN%3Bscale%2C21.0.0%2CN%3Bsearch%2C21.0.100%2CN%3Bsecurity%2C21.0.0%2CN%3Bsender%2C21.100.100%2CN%3Bseo%2C21.300.0%2CN%3Bsocialnetwork%2C21.350.0%2CN%3Bsocialservices%2C21.100.0%2CN%3Bstatistic%2C21.0.0%2CN%3Bstoreassist%2C21.0.0%2CN%3Bsubscribe%2C21.0.0%2CN%3Bsupport%2C21.0.0%2CN%3Btranslate%2C21.100.0%2CN%3Bui%2C21.300.0%2CN%3Bvote%2C21.0.0%2CN%3Bwebservice%2C21.0.0%2CN%3Bwiki%2C21.100.0%2CN%3Bworkflow%2C21.0.0%2CN%3Bdw.deluxe%2C4.9.9%2CN&reqm=bitrix.eshop%2Cbitrix.sitecommunity%2Cbitrix.sitecorporate%2Cbitrix.siteinfoportal%2Cbitrix.sitepersonal%2Cdw.deluxe&fullmoduleinfo=Y&SUPD_SRS=RU&SUPD_CMP=N
2022-04-14 19:50:24 -  - exec CUpdateClientPartner::GetHTTPPage
2022-04-14 19:50:24 -  - TIME GetUpdatesList(request) 0.237 sec
2022-04-14 19:50:24 -  - exec CUpdateClientPartner::ParseServerData
2022-04-14 19:50:31 -  - exec CUpdateClientPartner::GetUpdatesList
2022-04-14 19:50:31 -  - exec CUpdateClientPartner::__CollectRequestData
2022-04-14 19:50:31 -  - utf=Y&lang=ru&stable=Y&CANGZIP=Y&SUPD_DBS=MYSQL&XE=N&CLIENT_SITE=91.247.36.84&LICENSE_KEY=X&SUPD_STS=1&SUPD_URS=0&SUPD_URSA=1&TYPENC=D&CLIENT_PHPVER=7.4.28&NGINX=Y&dbv=8.0.26&instm=main%2C21.400.100%2CY%3Babtest%2C21.0.0%2CN%3Badvertising%2C21.100.0%2CN%3Bb24connector%2C21.0.0%2CN%3Bbitrix.eshop%2C21.0.100%2CN%3Bbitrix.sitecommunity%2C15.5.0%2CN%3Bbitrix.sitecorporate%2C15.5.0%2CN%3Bbitrix.siteinfoportal%2C15.5.0%2CN%3Bbitrix.sitepersonal%2C15.5.0%2CN%3Bbitrixcloud%2C21.0.0%2CN%3Bbizproc%2C21.200.200%2CN%3Bbizprocdesigner%2C21.100.0%2CN%3Bblog%2C21.200.0%2CN%3Bcalendar%2C21.200.0%2CN%3Bcatalog%2C21.200.0%2CN%3Bclouds%2C21.100.0%2CN%3Bconversion%2C21.0.0%2CN%3Bcurrency%2C21.100.0%2CN%3Bfileman%2C21.200.0%2CN%3Bform%2C21.0.0%2CN%3Bforum%2C21.100.0%2CN%3Bhighloadblock%2C21.100.0%2CN%3Biblock%2C21.400.100%2CN%3Bidea%2C21.0.0%2CN%3Bim%2C21.300.100%2CN%3Blanding%2C21.300.300%2CN%3Blearning%2C21.0.0%2CN%3Blists%2C21.100.0%2CN%3Bmail%2C21.100.100%2CN%3Bmessageservice%2C21.100.0%2CN%3Bmobileapp%2C21.0.50%2CN%3Bperfmon%2C21.0.0%2CN%3Bphotogallery%2C21.0.0%2CN%3Bpull%2C21.200.0%2CN%3Breport%2C21.100.0%2CN%3Brest%2C21.200.0%2CN%3Bsale%2C21.400.0%2CN%3Bscale%2C21.0.0%2CN%3Bsearch%2C21.0.100%2CN%3Bsecurity%2C21.0.0%2CN%3Bsender%2C21.100.100%2CN%3Bseo%2C21.300.0%2CN%3Bsocialnetwork%2C21.350.0%2CN%3Bsocialservices%2C21.100.0%2CN%3Bstatistic%2C21.0.0%2CN%3Bstoreassist%2C21.0.0%2CN%3Bsubscribe%2C21.0.0%2CN%3Bsupport%2C21.0.0%2CN%3Btranslate%2C21.100.0%2CN%3Bui%2C21.300.0%2CN%3Bvote%2C21.0.0%2CN%3Bwebservice%2C21.0.0%2CN%3Bwiki%2C21.100.0%2CN%3Bworkflow%2C21.0.0%2CN%3Bdw.deluxe%2C4.9.9%2CN&reqm=bitrix.eshop%2Cbitrix.sitecommunity%2Cbitrix.sitecorporate%2Cbitrix.siteinfoportal%2Cbitrix.sitepersonal%2Cdw.deluxe&fullmoduleinfo=Y&SUPD_SRS=RU&SUPD_CMP=N
2022-04-14 19:50:31 -  - exec CUpdateClientPartner::GetHTTPPage
2022-04-14 19:50:31 -  - TIME GetUpdatesList(request) 0.236 sec
2022-04-14 19:50:31 -  - exec CUpdateClientPartner::ParseServerData
2022-04-14 19:50:32 -  - exec CUpdateClientPartner::GetUpdatesList
2022-04-14 19:50:32 -  - exec CUpdateClientPartner::__CollectRequestData
2022-04-14 19:50:32 -  - utf=Y&lang=ru&stable=Y&CANGZIP=Y&SUPD_DBS=MYSQL&XE=N&CLIENT_SITE=91.247.36.84&LICENSE_KEY=X&SUPD_STS=1&SUPD_URS=0&SUPD_URSA=1&TYPENC=D&CLIENT_PHPVER=7.4.28&NGINX=Y&dbv=8.0.26&instm=main%2C21.400.100%2CY%3Babtest%2C21.0.0%2CN%3Badvertising%2C21.100.0%2CN%3Bb24connector%2C21.0.0%2CN%3Bbitrix.eshop%2C21.0.100%2CN%3Bbitrix.sitecommunity%2C15.5.0%2CN%3Bbitrix.sitecorporate%2C15.5.0%2CN%3Bbitrix.siteinfoportal%2C15.5.0%2CN%3Bbitrix.sitepersonal%2C15.5.0%2CN%3Bbitrixcloud%2C21.0.0%2CN%3Bbizproc%2C21.200.200%2CN%3Bbizprocdesigner%2C21.100.0%2CN%3Bblog%2C21.200.0%2CN%3Bcalendar%2C21.200.0%2CN%3Bcatalog%2C21.200.0%2CN%3Bclouds%2C21.100.0%2CN%3Bconversion%2C21.0.0%2CN%3Bcurrency%2C21.100.0%2CN%3Bfileman%2C21.200.0%2CN%3Bform%2C21.0.0%2CN%3Bforum%2C21.100.0%2CN%3Bhighloadblock%2C21.100.0%2CN%3Biblock%2C21.400.100%2CN%3Bidea%2C21.0.0%2CN%3Bim%2C21.300.100%2CN%3Blanding%2C21.300.300%2CN%3Blearning%2C21.0.0%2CN%3Blists%2C21.100.0%2CN%3Bmail%2C21.100.100%2CN%3Bmessageservice%2C21.100.0%2CN%3Bmobileapp%2C21.0.50%2CN%3Bperfmon%2C21.0.0%2CN%3Bphotogallery%2C21.0.0%2CN%3Bpull%2C21.200.0%2CN%3Breport%2C21.100.0%2CN%3Brest%2C21.200.0%2CN%3Bsale%2C21.400.0%2CN%3Bscale%2C21.0.0%2CN%3Bsearch%2C21.0.100%2CN%3Bsecurity%2C21.0.0%2CN%3Bsender%2C21.100.100%2CN%3Bseo%2C21.300.0%2CN%3Bsocialnetwork%2C21.350.0%2CN%3Bsocialservices%2C21.100.0%2CN%3Bstatistic%2C21.0.0%2CN%3Bstoreassist%2C21.0.0%2CN%3Bsubscribe%2C21.0.0%2CN%3Bsupport%2C21.0.0%2CN%3Btranslate%2C21.100.0%2CN%3Bui%2C21.300.0%2CN%3Bvote%2C21.0.0%2CN%3Bwebservice%2C21.0.0%2CN%3Bwiki%2C21.100.0%2CN%3Bworkflow%2C21.0.0%2CN%3Bdw.deluxe%2C4.9.9%2CN&reqm=bitrix.eshop%2Cbitrix.sitecommunity%2Cbitrix.sitecorporate%2Cbitrix.siteinfoportal%2Cbitrix.sitepersonal%2Cdw.deluxe&fullmoduleinfo=Y&SUPD_SRS=RU&SUPD_CMP=N
2022-04-14 19:50:32 -  - exec CUpdateClientPartner::GetHTTPPage
2022-04-14 19:50:33 -  - TIME GetUpdatesList(request) 1.246 sec
2022-04-14 19:50:33 -  - exec CUpdateClientPartner::ParseServerData
2022-04-14 19:50:37 -  - exec CUpdateClientPartner::GetUpdatesList
2022-04-14 19:50:37 -  - exec CUpdateClientPartner::__CollectRequestData
2022-04-14 19:50:37 -  - utf=Y&lang=ru&stable=Y&CANGZIP=Y&SUPD_DBS=MYSQL&XE=N&CLIENT_SITE=91.247.36.84&LICENSE_KEY=X&SUPD_STS=1&SUPD_URS=0&SUPD_URSA=1&TYPENC=D&CLIENT_PHPVER=7.4.28&NGINX=Y&dbv=8.0.26&instm=main%2C21.400.100%2CY%3Babtest%2C21.0.0%2CN%3Badvertising%2C21.100.0%2CN%3Bb24connector%2C21.0.0%2CN%3Bbitrix.eshop%2C21.0.100%2CN%3Bbitrix.sitecommunity%2C15.5.0%2CN%3Bbitrix.sitecorporate%2C15.5.0%2CN%3Bbitrix.siteinfoportal%2C15.5.0%2CN%3Bbitrix.sitepersonal%2C15.5.0%2CN%3Bbitrixcloud%2C21.0.0%2CN%3Bbizproc%2C21.200.200%2CN%3Bbizprocdesigner%2C21.100.0%2CN%3Bblog%2C21.200.0%2CN%3Bcalendar%2C21.200.0%2CN%3Bcatalog%2C21.200.0%2CN%3Bclouds%2C21.100.0%2CN%3Bconversion%2C21.0.0%2CN%3Bcurrency%2C21.100.0%2CN%3Bfileman%2C21.200.0%2CN%3Bform%2C21.0.0%2CN%3Bforum%2C21.100.0%2CN%3Bhighloadblock%2C21.100.0%2CN%3Biblock%2C21.400.100%2CN%3Bidea%2C21.0.0%2CN%3Bim%2C21.300.100%2CN%3Blanding%2C21.300.300%2CN%3Blearning%2C21.0.0%2CN%3Blists%2C21.100.0%2CN%3Bmail%2C21.100.100%2CN%3Bmessageservice%2C21.100.0%2CN%3Bmobileapp%2C21.0.50%2CN%3Bperfmon%2C21.0.0%2CN%3Bphotogallery%2C21.0.0%2CN%3Bpull%2C21.200.0%2CN%3Breport%2C21.100.0%2CN%3Brest%2C21.200.0%2CN%3Bsale%2C21.400.0%2CN%3Bscale%2C21.0.0%2CN%3Bsearch%2C21.0.100%2CN%3Bsecurity%2C21.0.0%2CN%3Bsender%2C21.100.100%2CN%3Bseo%2C21.300.0%2CN%3Bsocialnetwork%2C21.350.0%2CN%3Bsocialservices%2C21.100.0%2CN%3Bstatistic%2C21.0.0%2CN%3Bstoreassist%2C21.0.0%2CN%3Bsubscribe%2C21.0.0%2CN%3Bsupport%2C21.0.0%2CN%3Btranslate%2C21.100.0%2CN%3Bui%2C21.300.0%2CN%3Bvote%2C21.0.0%2CN%3Bwebservice%2C21.0.0%2CN%3Bwiki%2C21.100.0%2CN%3Bworkflow%2C21.0.0%2CN%3Bdw.deluxe%2C4.9.9%2CN&reqm=bitrix.eshop%2Cbitrix.sitecommunity%2Cbitrix.sitecorporate%2Cbitrix.siteinfoportal%2Cbitrix.sitepersonal%2Cdw.deluxe&fullmoduleinfo=Y&SUPD_SRS=RU&SUPD_CMP=N
2022-04-14 19:50:37 -  - exec CUpdateClientPartner::GetHTTPPage
2022-04-14 19:50:38 -  - TIME GetUpdatesList(request) 0.21 sec
2022-04-14 19:50:38 -  - exec CUpdateClientPartner::ParseServerData
2022-04-16 05:56:02 -  - exec CUpdateClientPartner::__CollectRequestData
2022-04-16 05:56:02 -  - exec CUpdateClientPartner::GetHTTPPage
2022-04-16 05:56:03 -  - exec CUpdateClientPartner::ParseServerData
2022-04-16 05:56:03 -  - exec CUpdateClientPartner::GetUpdatesList
2022-04-16 05:56:03 -  - exec CUpdateClientPartner::__CollectRequestData
2022-04-16 05:56:03 -  - utf=Y&lang=ru&stable=Y&CANGZIP=Y&SUPD_DBS=MYSQL&XE=N&CLIENT_SITE=91.247.36.84&LICENSE_KEY=X&SUPD_STS=1&SUPD_URS=0&SUPD_URSA=1&TYPENC=D&CLIENT_PHPVER=7.4.28&NGINX=Y&dbv=8.0.26&instm=main%2C21.400.100%2CY%3Babtest%2C21.0.0%2CN%3Badvertising%2C21.100.0%2CN%3Bb24connector%2C21.0.0%2CN%3Bbitrix.eshop%2C21.0.100%2CN%3Bbitrix.sitecommunity%2C15.5.0%2CN%3Bbitrix.sitecorporate%2C15.5.0%2CN%3Bbitrix.siteinfoportal%2C15.5.0%2CN%3Bbitrix.sitepersonal%2C15.5.0%2CN%3Bbitrixcloud%2C21.0.0%2CN%3Bbizproc%2C21.200.200%2CN%3Bbizprocdesigner%2C21.100.0%2CN%3Bblog%2C21.200.0%2CN%3Bcalendar%2C21.200.0%2CN%3Bcatalog%2C21.200.0%2CN%3Bclouds%2C21.100.0%2CN%3Bconversion%2C21.0.0%2CN%3Bcurrency%2C21.100.0%2CN%3Bfileman%2C21.200.0%2CN%3Bform%2C21.0.0%2CN%3Bforum%2C21.100.0%2CN%3Bhighloadblock%2C21.100.0%2CN%3Biblock%2C21.400.100%2CN%3Bidea%2C21.0.0%2CN%3Bim%2C21.300.100%2CN%3Blanding%2C21.300.300%2CN%3Blearning%2C21.0.0%2CN%3Blists%2C21.100.0%2CN%3Bmail%2C21.100.100%2CN%3Bmessageservice%2C21.100.0%2CN%3Bmobileapp%2C21.0.50%2CN%3Bperfmon%2C21.0.0%2CN%3Bphotogallery%2C21.0.0%2CN%3Bpull%2C21.200.0%2CN%3Breport%2C21.100.0%2CN%3Brest%2C21.200.0%2CN%3Bsale%2C21.400.0%2CN%3Bscale%2C21.0.0%2CN%3Bsearch%2C21.0.100%2CN%3Bsecurity%2C21.0.0%2CN%3Bsender%2C21.100.100%2CN%3Bseo%2C21.300.0%2CN%3Bsocialnetwork%2C21.350.0%2CN%3Bsocialservices%2C21.100.0%2CN%3Bstatistic%2C21.0.0%2CN%3Bstoreassist%2C21.0.0%2CN%3Bsubscribe%2C21.0.0%2CN%3Bsupport%2C21.0.0%2CN%3Btranslate%2C21.100.0%2CN%3Bui%2C21.300.0%2CN%3Bvote%2C21.0.0%2CN%3Bwebservice%2C21.0.0%2CN%3Bwiki%2C21.100.0%2CN%3Bworkflow%2C21.0.0%2CN%3Bdw.deluxe%2C4.9.9%2CN&reqm=bitrix.eshop%2Cbitrix.sitecommunity%2Cbitrix.sitecorporate%2Cbitrix.siteinfoportal%2Cbitrix.sitepersonal%2Cdw.deluxe&fullmoduleinfo=Y&SUPD_SRS=RU&SUPD_CMP=N
2022-04-16 05:56:03 -  - exec CUpdateClientPartner::GetHTTPPage
2022-04-16 05:56:03 -  - TIME GetUpdatesList(request) 0.204 sec
2022-04-16 05:56:03 -  - exec CUpdateClientPartner::ParseServerData
2022-04-16 05:56:03 -  - exec CUpdateClientPartner::__CollectRequestData
2022-04-16 05:56:03 -  - exec CUpdateClientPartner::GetHTTPPage
2022-04-16 05:56:03 -  - exec CUpdateClientPartner::ParseServerData
2022-04-17 06:25:36 -  - exec CUpdateClientPartner::__CollectRequestData
2022-04-17 06:25:36 -  - exec CUpdateClientPartner::GetHTTPPage
2022-04-17 06:25:36 -  - exec CUpdateClientPartner::ParseServerData
2022-04-17 06:25:36 -  - exec CUpdateClientPartner::GetUpdatesList
2022-04-17 06:25:36 -  - exec CUpdateClientPartner::__CollectRequestData
2022-04-17 06:25:36 -  - utf=Y&lang=ru&stable=Y&CANGZIP=Y&SUPD_DBS=MYSQL&XE=N&CLIENT_SITE=91.247.36.84&LICENSE_KEY=X&SUPD_STS=1&SUPD_URS=0&SUPD_URSA=1&TYPENC=D&CLIENT_PHPVER=7.4.28&NGINX=Y&dbv=8.0.26&instm=main%2C21.400.100%2CY%3Babtest%2C21.0.0%2CN%3Badvertising%2C21.100.0%2CN%3Bb24connector%2C21.0.0%2CN%3Bbitrix.eshop%2C21.0.100%2CN%3Bbitrix.sitecommunity%2C15.5.0%2CN%3Bbitrix.sitecorporate%2C15.5.0%2CN%3Bbitrix.siteinfoportal%2C15.5.0%2CN%3Bbitrix.sitepersonal%2C15.5.0%2CN%3Bbitrixcloud%2C21.0.0%2CN%3Bbizproc%2C21.200.200%2CN%3Bbizprocdesigner%2C21.100.0%2CN%3Bblog%2C21.200.0%2CN%3Bcalendar%2C21.200.0%2CN%3Bcatalog%2C21.200.0%2CN%3Bclouds%2C21.100.0%2CN%3Bconversion%2C21.0.0%2CN%3Bcurrency%2C21.100.0%2CN%3Bfileman%2C21.200.0%2CN%3Bform%2C21.0.0%2CN%3Bforum%2C21.100.0%2CN%3Bhighloadblock%2C21.100.0%2CN%3Biblock%2C21.400.100%2CN%3Bidea%2C21.0.0%2CN%3Bim%2C21.300.100%2CN%3Blanding%2C21.300.300%2CN%3Blearning%2C21.0.0%2CN%3Blists%2C21.100.0%2CN%3Bmail%2C21.100.100%2CN%3Bmessageservice%2C21.100.0%2CN%3Bmobileapp%2C21.0.50%2CN%3Bperfmon%2C21.0.0%2CN%3Bphotogallery%2C21.0.0%2CN%3Bpull%2C21.200.0%2CN%3Breport%2C21.100.0%2CN%3Brest%2C21.200.0%2CN%3Bsale%2C21.400.0%2CN%3Bscale%2C21.0.0%2CN%3Bsearch%2C21.0.100%2CN%3Bsecurity%2C21.0.0%2CN%3Bsender%2C21.100.100%2CN%3Bseo%2C21.300.0%2CN%3Bsocialnetwork%2C21.350.0%2CN%3Bsocialservices%2C21.100.0%2CN%3Bstatistic%2C21.0.0%2CN%3Bstoreassist%2C21.0.0%2CN%3Bsubscribe%2C21.0.0%2CN%3Bsupport%2C21.0.0%2CN%3Btranslate%2C21.100.0%2CN%3Bui%2C21.300.0%2CN%3Bvote%2C21.0.0%2CN%3Bwebservice%2C21.0.0%2CN%3Bwiki%2C21.100.0%2CN%3Bworkflow%2C21.0.0%2CN%3Bdw.deluxe%2C4.9.9%2CN&reqm=bitrix.eshop%2Cbitrix.sitecommunity%2Cbitrix.sitecorporate%2Cbitrix.siteinfoportal%2Cbitrix.sitepersonal%2Cdw.deluxe&fullmoduleinfo=Y&SUPD_SRS=RU&SUPD_CMP=N
2022-04-17 06:25:36 -  - exec CUpdateClientPartner::GetHTTPPage
2022-04-17 06:25:37 -  - TIME GetUpdatesList(request) 0.224 sec
2022-04-17 06:25:37 -  - exec CUpdateClientPartner::ParseServerData
2022-04-17 06:25:37 -  - exec CUpdateClientPartner::__CollectRequestData
2022-04-17 06:25:37 -  - exec CUpdateClientPartner::GetHTTPPage
2022-04-17 06:25:37 -  - exec CUpdateClientPartner::ParseServerData
2022-04-18 06:26:00 -  - exec CUpdateClientPartner::__CollectRequestData
2022-04-18 06:26:00 -  - exec CUpdateClientPartner::GetHTTPPage
2022-04-18 06:26:01 -  - exec CUpdateClientPartner::ParseServerData
2022-04-18 06:26:01 -  - exec CUpdateClientPartner::GetUpdatesList
2022-04-18 06:26:01 -  - exec CUpdateClientPartner::__CollectRequestData
2022-04-18 06:26:01 -  - utf=Y&lang=ru&stable=Y&CANGZIP=Y&SUPD_DBS=MYSQL&XE=N&CLIENT_SITE=sigiopt.ru&LICENSE_KEY=X&SUPD_STS=1&SUPD_URS=0&SUPD_URSA=2&TYPENC=D&CLIENT_PHPVER=7.4.28&NGINX=Y&dbv=8.0.26&instm=main%2C21.400.100%2CY%3Babtest%2C21.0.0%2CN%3Badvertising%2C21.100.0%2CN%3Bb24connector%2C21.0.0%2CN%3Bbitrix.eshop%2C21.0.100%2CN%3Bbitrix.sitecommunity%2C15.5.0%2CN%3Bbitrix.sitecorporate%2C15.5.0%2CN%3Bbitrix.siteinfoportal%2C15.5.0%2CN%3Bbitrix.sitepersonal%2C15.5.0%2CN%3Bbitrixcloud%2C21.0.0%2CN%3Bbizproc%2C21.200.200%2CN%3Bbizprocdesigner%2C21.100.0%2CN%3Bblog%2C21.200.0%2CN%3Bcalendar%2C21.200.0%2CN%3Bcatalog%2C21.200.0%2CN%3Bclouds%2C21.100.0%2CN%3Bconversion%2C21.0.0%2CN%3Bcurrency%2C21.100.0%2CN%3Bfileman%2C21.200.0%2CN%3Bform%2C21.0.0%2CN%3Bforum%2C21.100.0%2CN%3Bhighloadblock%2C21.100.0%2CN%3Biblock%2C21.400.100%2CN%3Bidea%2C21.0.0%2CN%3Bim%2C21.300.100%2CN%3Blanding%2C21.300.300%2CN%3Blearning%2C21.0.0%2CN%3Blists%2C21.100.0%2CN%3Bmail%2C21.100.100%2CN%3Bmessageservice%2C21.100.0%2CN%3Bmobileapp%2C21.0.50%2CN%3Bperfmon%2C21.0.0%2CN%3Bphotogallery%2C21.0.0%2CN%3Bpull%2C21.200.0%2CN%3Breport%2C21.100.0%2CN%3Brest%2C21.200.0%2CN%3Bsale%2C21.400.0%2CN%3Bscale%2C21.0.0%2CN%3Bsearch%2C21.0.100%2CN%3Bsecurity%2C21.0.0%2CN%3Bsender%2C21.100.100%2CN%3Bseo%2C21.300.0%2CN%3Bsocialnetwork%2C21.350.0%2CN%3Bsocialservices%2C21.100.0%2CN%3Bstatistic%2C21.0.0%2CN%3Bstoreassist%2C21.0.0%2CN%3Bsubscribe%2C21.0.0%2CN%3Bsupport%2C21.0.0%2CN%3Btranslate%2C21.100.0%2CN%3Bui%2C21.300.0%2CN%3Bvote%2C21.0.0%2CN%3Bwebservice%2C21.0.0%2CN%3Bwiki%2C21.100.0%2CN%3Bworkflow%2C21.0.0%2CN%3Bdw.deluxe%2C4.9.9%2CN&reqm=bitrix.eshop%2Cbitrix.sitecommunity%2Cbitrix.sitecorporate%2Cbitrix.siteinfoportal%2Cbitrix.sitepersonal%2Cdw.deluxe&fullmoduleinfo=Y&SUPD_SRS=RU&SUPD_CMP=N
2022-04-18 06:26:01 -  - exec CUpdateClientPartner::GetHTTPPage
2022-04-18 06:26:01 -  - TIME GetUpdatesList(request) 0.249 sec
2022-04-18 06:26:01 -  - exec CUpdateClientPartner::ParseServerData
2022-04-18 06:26:01 -  - exec CUpdateClientPartner::__CollectRequestData
2022-04-18 06:26:01 -  - exec CUpdateClientPartner::GetHTTPPage
2022-04-18 06:26:01 -  - exec CUpdateClientPartner::ParseServerData
2022-04-19 11:51:26 -  - exec CUpdateClientPartner::__CollectRequestData
2022-04-19 11:51:26 -  - exec CUpdateClientPartner::GetHTTPPage
2022-04-19 11:51:26 -  - exec CUpdateClientPartner::ParseServerData
2022-04-19 11:51:26 -  - exec CUpdateClientPartner::GetUpdatesList
2022-04-19 11:51:26 -  - exec CUpdateClientPartner::__CollectRequestData
2022-04-19 11:51:26 -  - utf=Y&lang=ru&stable=Y&CANGZIP=Y&SUPD_DBS=MYSQL&XE=N&CLIENT_SITE=sigiopt.ru&LICENSE_KEY=X&SUPD_STS=1&SUPD_URS=0&SUPD_URSA=2&TYPENC=D&CLIENT_PHPVER=7.4.28&NGINX=Y&dbv=8.0.26&instm=main%2C21.400.100%2CY%3Babtest%2C21.0.0%2CN%3Badvertising%2C21.100.0%2CN%3Bb24connector%2C21.0.0%2CN%3Bbitrix.eshop%2C21.0.100%2CN%3Bbitrix.sitecommunity%2C15.5.0%2CN%3Bbitrix.sitecorporate%2C15.5.0%2CN%3Bbitrix.siteinfoportal%2C15.5.0%2CN%3Bbitrix.sitepersonal%2C15.5.0%2CN%3Bbitrixcloud%2C21.0.0%2CN%3Bbizproc%2C21.200.200%2CN%3Bbizprocdesigner%2C21.100.0%2CN%3Bblog%2C21.200.0%2CN%3Bcalendar%2C21.200.0%2CN%3Bcatalog%2C21.200.0%2CN%3Bclouds%2C21.100.0%2CN%3Bconversion%2C21.0.0%2CN%3Bcurrency%2C21.100.0%2CN%3Bfileman%2C21.200.0%2CN%3Bform%2C21.0.0%2CN%3Bforum%2C21.100.0%2CN%3Bhighloadblock%2C21.100.0%2CN%3Biblock%2C21.400.100%2CN%3Bidea%2C21.0.0%2CN%3Bim%2C21.300.100%2CN%3Blanding%2C21.300.300%2CN%3Blearning%2C21.0.0%2CN%3Blists%2C21.100.0%2CN%3Bmail%2C21.100.100%2CN%3Bmessageservice%2C21.100.0%2CN%3Bmobileapp%2C21.0.50%2CN%3Bperfmon%2C21.0.0%2CN%3Bphotogallery%2C21.0.0%2CN%3Bpull%2C21.200.0%2CN%3Breport%2C21.100.0%2CN%3Brest%2C21.200.0%2CN%3Bsale%2C21.400.0%2CN%3Bscale%2C21.0.0%2CN%3Bsearch%2C21.0.100%2CN%3Bsecurity%2C21.0.0%2CN%3Bsender%2C21.100.100%2CN%3Bseo%2C21.300.0%2CN%3Bsocialnetwork%2C21.350.0%2CN%3Bsocialservices%2C21.100.0%2CN%3Bstatistic%2C21.0.0%2CN%3Bstoreassist%2C21.0.0%2CN%3Bsubscribe%2C21.0.0%2CN%3Bsupport%2C21.0.0%2CN%3Btranslate%2C21.100.0%2CN%3Bui%2C21.300.0%2CN%3Bvote%2C21.0.0%2CN%3Bwebservice%2C21.0.0%2CN%3Bwiki%2C21.100.0%2CN%3Bworkflow%2C21.0.0%2CN%3Bdw.deluxe%2C4.9.9%2CN&reqm=bitrix.eshop%2Cbitrix.sitecommunity%2Cbitrix.sitecorporate%2Cbitrix.siteinfoportal%2Cbitrix.sitepersonal%2Cdw.deluxe&fullmoduleinfo=Y&SUPD_SRS=RU&SUPD_CMP=N
2022-04-19 11:51:26 -  - exec CUpdateClientPartner::GetHTTPPage
2022-04-19 11:51:26 -  - TIME GetUpdatesList(request) 0.226 sec
2022-04-19 11:51:26 -  - exec CUpdateClientPartner::ParseServerData
2022-04-19 11:51:26 -  - exec CUpdateClientPartner::__CollectRequestData
2022-04-19 11:51:26 -  - exec CUpdateClientPartner::GetHTTPPage
2022-04-19 11:51:27 -  - exec CUpdateClientPartner::ParseServerData
2023-09-01 02:27:13 -  - exec CUpdateClientPartner::GetUpdatesList
2023-09-01 02:27:13 -  - exec CUpdateClientPartner::__CollectRequestData
2023-09-01 02:27:13 -  - utf=Y&lang=ru&stable=Y&CANGZIP=Y&SUPD_DBS=MYSQL&XE=N&CLIENT_SITE=sigaretymsk.ru&LICENSE_KEY=X&SUPD_STS=1&SUPD_URS=223&TYPENC=F&CLIENT_PHPVER=7.4.28&NGINX=Y&dbv=8.0.26&instm=main%2C23.300.100%2CN%3Babtest%2C21.0.0%2CN%3Badvertising%2C21.100.0%2CN%3Bb24connector%2C22.0.0%2CN%3Bbitrix.eshop%2C21.0.100%2CN%3Bbitrix.sitecommunity%2C15.5.0%2CN%3Bbitrix.sitecorporate%2C15.5.0%2CN%3Bbitrix.siteinfoportal%2C15.5.0%2CN%3Bbitrix.sitepersonal%2C15.5.0%2CN%3Bbitrixcloud%2C22.100.0%2CN%3Bbizproc%2C23.200.100%2CN%3Bbizprocdesigner%2C23.100.0%2CN%3Bblog%2C22.0.0%2CN%3Bcalendar%2C23.200.100%2CN%3Bcatalog%2C23.100.0%2CN%3Bclouds%2C23.0.0%2CN%3Bconversion%2C22.0.0%2CN%3Bcurrency%2C22.500.0%2CN%3Bfileman%2C22.300.0%2CN%3Bform%2C22.0.0%2CN%3Bforum%2C23.0.0%2CN%3Bhighloadblock%2C22.200.0%2CN%3Biblock%2C23.100.0%2CN%3Bidea%2C21.0.0%2CN%3Bim%2C23.400.0%2CN%3Blanding%2C23.600.100%2CN%3Blearning%2C22.0.0%2CN%3Blists%2C23.100.0%2CN%3Bmail%2C22.800.100%2CN%3Bmessageservice%2C23.0.0%2CN%3Bmobileapp%2C23.0.0%2CN%3Bperfmon%2C21.0.0%2CN%3Bphotogallery%2C22.0.200%2CN%3Bpull%2C23.100.0%2CN%3Breport%2C23.0.0%2CN%3Brest%2C23.100.0%2CN%3Bsale%2C23.200.0%2CN%3Bscale%2C21.0.0%2CN%3Bsearch%2C22.100.0%2CN%3Bsecurity%2C21.300.0%2CN%3Bsender%2C23.0.0%2CN%3Bseo%2C23.200.0%2CN%3Bsocialnetwork%2C23.100.0%2CN%3Bsocialservices%2C22.200.400%2CN%3Bstatistic%2C22.0.0%2CN%3Bstoreassist%2C21.0.0%2CN%3Bsubscribe%2C21.0.0%2CN%3Bsupport%2C23.0.0%2CN%3Btranslate%2C23.200.0%2CN%3Bui%2C22.1600.0%2CN%3Bwebservice%2C21.0.0%2CN%3Bwiki%2C23.0.0%2CN%3Bworkflow%2C21.0.0%2CN%3Bdw.deluxe%2C4.9.9%2CN%3Bvote%2C23.0.0%2CN%3Blocation%2C23.0.0%2CN%3Bldap%2C23.100.0%2CN%3Bcluster%2C23.0.0%2CN&reqm=bitrix.eshop%2Cbitrix.sitecommunity%2Cbitrix.sitecorporate%2Cbitrix.siteinfoportal%2Cbitrix.sitepersonal%2Cdw.deluxe&fullmoduleinfo=Y&SUPD_SRS=RU&SUPD_CMP=N
2023-09-01 02:27:13 -  - exec CUpdateClientPartner::GetHTTPPage
2023-09-01 02:27:13 -  - TIME GetUpdatesList(request) 0.377 sec
2023-09-01 02:27:13 -  - exec CUpdateClientPartner::ParseServerData
