2023-Jul-06 11:46:08 –ù–∞–ª–∏—á–∏–µ –Ω–µ–æ–±—Ö–æ–¥–∏–º—ã—Ö –º–æ–¥—É–ª–µ–π php (check_php_modules): Ok
–í—Å–µ –Ω–µ–æ–±—Ö–æ–¥–∏–º—ã–µ –º–æ–¥—É–ª–∏ —É—Å—Ç–∞–Ω–æ–≤–ª–µ–Ω—ã
2023-Jul-06 11:46:08 –û–±—è–∑–∞—Ç–µ–ª—å–Ω—ã–µ –ø–∞—Ä–∞–º–µ—Ç—Ä—ã PHP (check_php_settings): Fail
–û—à–∏–±–∫–∞! –£—Å—Ç–∞–Ω–æ–≤–ª–µ–Ω–∞ –≤–µ—Ä—Å–∏—è PHP 7.4.28, —Ç—Ä–µ–±—É–µ—Ç—Å—è 8.0.0 –∏ –≤—ã—à–µ–ü–∞—Ä–∞–º–µ—Ç—Ä opcache.revalidate_freq = 2, —Ç—Ä–µ–±—É–µ—Ç—Å—è 0–ó–Ω–∞—á–µ–Ω–∏–µ max_input_vars –¥–æ–ª–∂–Ω–æ –±—ã—Ç—å –Ω–µ –Ω–∏–∂–µ 10000. –¢–µ–∫—É—â–µ–µ –∑–Ω–∞—á–µ–Ω–∏–µ: 1000
2023-Jul-06 11:46:08 –ú–æ–¥—É–ª–∏ –≤–µ–±-—Å–µ—Ä–≤–µ—Ä–∞ (check_security): Warning
–ó–∞–º–µ—á–∞–Ω–∏–µ. –ó–∞–≥—Ä—É–∂–µ–Ω –º–æ–¥—É–ª—å mod_dav/mod_dav_fs, WebDav –Ω–µ –±—É–¥–µ—Ç —Ä–∞–±–æ—Ç–∞—Ç—å
2023-Jul-06 11:46:08 –ó–Ω–∞—á–µ–Ω–∏—è –ø–µ—Ä–µ–º–µ–Ω–Ω—ã—Ö —Å–µ—Ä–≤–µ—Ä–∞ (check_server_vars): Ok
–ö–æ—Ä—Ä–µ–∫—Ç–Ω—ã–µ
2023-Jul-06 11:46:08 –°–æ—Ö—Ä–∞–Ω–µ–Ω–∏–µ —Å–µ—Å—Å–∏–∏ (check_session): Ok
50% done
2023-Jul-06 11:46:09 –°–æ—Ö—Ä–∞–Ω–µ–Ω–∏–µ —Å–µ—Å—Å–∏–∏ (check_session): Ok
–£—Å–ø–µ—à–Ω–æ
2023-Jul-06 11:46:09 –ü–∞—Ä–∞–º–µ—Ç—Ä—ã –Ω–∞—Å—Ç—Ä–æ–π–∫–∏ UTF (mbstring –∏ –∫–æ–Ω—Å—Ç–∞–Ω—Ç–∞ BX_UTF) (check_mbstring): Ok
–ü—Ä–∞–≤–∏–ª—å–Ω—ã–µ. –°–∞–π—Ç —Ä–∞–±–æ—Ç–∞–µ—Ç –≤ UTF –∫–æ–¥–∏—Ä–æ–≤–∫–µ
2023-Jul-06 11:46:09 –°–ª—É–∂–µ–±–Ω—ã–µ —Å–∫—Ä–∏–ø—Ç—ã –≤ –∫–æ—Ä–Ω–µ —Å–∞–π—Ç–∞ (check_install_scripts): Ok
–û—Ç—Å—É—Ç—Å—Ç–≤—É—é—Ç
2023-Jul-06 11:46:09 –†–∞–±–æ—Ç–∞ —Å —Å–æ–∫–µ—Ç–∞–º–∏ (check_socket): Ok
Connection to ssl://sigaretyopt.ru:443	Success

–£—Å–ø–µ—à–Ω–æ
2023-Jul-06 11:46:09 –í—ã–ø–æ–ª–Ω–µ–Ω–∏–µ –∞–≥–µ–Ω—Ç–æ–≤ –Ω–∞ cron (check_bx_crontab): Warning
–ó–∞–º–µ—á–∞–Ω–∏–µ. –ê–≥–µ–Ω—Ç—ã –≤—ã–ø–æ–ª–Ω—è—é—Ç—Å—è –Ω–∞ —Ö–∏—Ç–∞—Ö, —Ä–µ–∫–æ–º–µ–Ω–¥—É–µ—Ç—Å—è –ø–µ—Ä–µ–≤–µ—Å—Ç–∏ –≤—ã–ø–æ–ª–Ω–µ–Ω–∏–µ –∞–≥–µ–Ω—Ç–æ–≤ –Ω–∞ cron
2023-Jul-06 11:46:10 –ü–∞—Ä–∞–º–µ—Ç—Ä—ã –ø–æ–¥–∫–ª—é—á–µ–Ω–∏—è –∫ –±–∞–∑–µ –¥–∞–Ω–Ω—ã—Ö (check_dbconn_settings): Ok
–£—Å–ø–µ—à–Ω–æ
2023-Jul-06 11:46:10 –õ–∏—à–Ω–∏–π –≤—ã–≤–æ–¥ –≤ —Ñ–∞–π–ª–∞—Ö –∫–æ–Ω—Ñ–∏–≥—É—Ä–∞—Ü–∏–∏ (check_dbconn): Ok
Connection to ssl://sigaretyopt.ru:443	Success

–£—Å–ø–µ—à–Ω–æ
2023-Jul-06 11:46:11 –°–æ—Ö—Ä–∞–Ω–µ–Ω–∏–µ —Å–µ—Å—Å–∏–∏ –±–µ–∑ UserAgent (check_session_ua): Ok
50% done
Connection to ssl://sigaretyopt.ru:443	Success

2023-Jul-06 11:46:11 –°–æ—Ö—Ä–∞–Ω–µ–Ω–∏–µ —Å–µ—Å—Å–∏–∏ –±–µ–∑ UserAgent (check_session_ua): Ok
Connection to ssl://sigaretyopt.ru:443	Success

–£—Å–ø–µ—à–Ω–æ
2023-Jul-06 11:46:11 –ù–∞—Å—Ç—Ä–æ–π–∫–∏ —Å–∞–π—Ç–æ–≤ (check_sites): Ok
–ü—Ä–∞–≤–∏–ª—å–Ω—ã–µ
2023-Jul-06 11:46:12 –†–∞–∑–º–µ—Ä —Å—Ç–µ–∫–∞ –∏ pcre.recursion_limit (check_pcre_recursion): Ok
Connection to ssl://sigaretyopt.ru:443	Success

–£—Å–ø–µ—à–Ω–æ
2023-Jul-06 11:46:12 –ó–∞–≥—Ä—É–∑–∫–∞ —Ñ–∞–π–ª–∞ (check_upload): Ok
Connection to ssl://sigaretyopt.ru:443	Success

–£—Å–ø–µ—à–Ω–æ
2023-Jul-06 11:46:12 –ó–∞–≥—Ä—É–∑–∫–∞ —Ñ–∞–π–ª–∞ –±–æ–ª—å—à–µ 4–ú–± (check_upload_big): Fail
Connection to ssl://sigaretyopt.ru:443	Success
== Request ==
POST /bitrix/admin/site_checker.php?test_type=upload_test&unique_id=0f66fa4130766f570fea77cb4e5becac&big=1&raw=0 HTTP/1.1
Host: sigaretyopt.ru
Content-Type: multipart/form-data; boundary=--------7dc35020eb85071d28d77ae6273f3dbf
Content-Length: 4200195

----------7dc35020eb85071d28d77ae6273f3dbf
Content-Disposition: form-data; name="test_file"; filename="site_checker.bin
Content-Type: image/gif

()*+,-./0123456789:;<=>?@ABCDEFGHIJKLMNOPQRSTUVWXYZ[\]^_`abcdefghijklmnopqrstuvwxyz{|}~ÄÅÇÉÑÖÜáàâäãåçéèêëíìîïñóòôöõúùûü†°¢£§•¶ß®©™´¨≠ÆØ∞±≤≥¥µ∂∑∏π∫ªºΩæø¿¡¬√ƒ≈∆«»… ÀÃÕŒœ–—“”‘’÷◊ÿŸ⁄€‹›ﬁﬂ‡·‚„‰ÂÊÁËÈÍÎÏÌÓÔ()*+,-./0123456789:;<=>?@ABCDEFGHIJKLMNOPQRSTUVWXYZ[\]^_`abcdefghijklmnopqrstuvwxyz{|}~ÄÅÇÉÑÖÜáàâäãåçéèêëíìîïñóòôöõúùûü†°¢£§•¶ß®©™´¨≠ÆØ∞±≤≥¥µ∂∑∏π∫ªºΩæø¿¡¬√ƒ≈∆«»… ÀÃÕŒœ–—“”‘’÷◊ÿŸ⁄€‹›ﬁﬂ‡·‚„‰ÂÊÁËÈÍÎÏÌÓÔ()*+,-./0123456789:;<=>?@ABCDEFGHIJKLMNOPQRSTUVWXYZ[\]^_`abcdefghijklmnopqrstuvwxyz{|}~ÄÅÇÉÑÖÜáàâäãåçéèêëíìîïñóòôöõúùûü†°¢£§•¶ß®©™´¨≠ÆØ∞±≤≥¥µ∂∑∏π∫ªºΩæø¿¡¬√ƒ≈∆«»… ÀÃÕŒœ–—“”‘’÷◊ÿŸ⁄€‹›ﬁﬂ‡·‚„‰ÂÊÁË ... (4200453 bytes)
== Response ==
HTTP/1.1 200 OK
Server: nginx/1.14.1
Date: Thu, 06 Jul 2023 08:46:12 GMT
Content-Type: text/html; charset=UTF-8
Transfer-Encoding: chunked
Connection: keep-alive
X-Powered-By: PHP/7.4.28
Strict-Transport-Security: max-age=31536000;

== Body ==
move_uploaded_file(,/var/www/www-root/data/www/sigaretyopt.ru/bitrix/tmp/site_checker.bin)=false
$_FILES=
Array
(
    [test_file] => Array
        (
            [name] => site_checker.bin
            [type] => 
            [tmp_name] => 
            [error] => 1
            [size] => 0
        )

)

==========

–û—à–∏–±–∫–∞! –ù–µ —Ä–∞–±–æ—Ç–∞–µ—Ç
2023-Jul-06 11:46:13 –ó–∞–≥—Ä—É–∑–∫–∞ —Ñ–∞–π–ª–∞ —á–µ—Ä–µ–∑ php://input (check_upload_raw): Ok
Connection to ssl://sigaretyopt.ru:443	Success

–£—Å–ø–µ—à–Ω–æ
2023-Jul-06 11:46:13 –ü–µ—Ä–µ–¥–∞—á–∞ POST –∑–∞–ø—Ä–æ—Å–∞ —Å –±–æ–ª—å—à–∏–º —á–∏—Å–ª–æ–º –ø–∞—Ä–∞–º–µ—Ç—Ä–æ–≤ (check_post): Ok
Connection to ssl://sigaretyopt.ru:443	Success

–£—Å–ø–µ—à–Ω–æ
2023-Jul-06 11:46:13 –û—Ç–ø—Ä–∞–≤–∫–∞ –ø–æ—á—Ç—ã (check_mail): Ok
–£—Å–ø–µ—à–Ω–æ
2023-Jul-06 11:46:14 –û—Ç–ø—Ä–∞–≤–∫–∞ –ø–æ—á—Ç–æ–≤–æ–≥–æ —Å–æ–æ–±—â–µ–Ω–∏—è –±–æ–ª—å—à–µ 64–ö–± (check_mail_big): Ok
–£—Å–ø–µ—à–Ω–æ
2023-Jul-06 11:46:14 –ü—Ä–æ–≤–µ—Ä–∫–∞ –Ω–∞ –Ω–∞–ª–∏—á–∏–µ –Ω–µ–æ—Ç–ø—Ä–∞–≤–ª–µ–Ω–Ω—ã—Ö —Å–æ–æ–±—â–µ–Ω–∏–π (check_mail_b_event): Ok
–£—Å–ø–µ—à–Ω–æ
2023-Jul-06 11:46:14 –í–Ω—É—Ç—Ä–µ–Ω–Ω–µ–µ –ø–µ—Ä–µ–Ω–∞–ø—Ä–∞–≤–ª–µ–Ω–∏–µ (—Ñ—É–Ω–∫—Ü–∏—è LocalRedirect) (check_localredirect): Ok
50% done
Connection to ssl://sigaretyopt.ru:443	Success

2023-Jul-06 11:46:15 –í–Ω—É—Ç—Ä–µ–Ω–Ω–µ–µ –ø–µ—Ä–µ–Ω–∞–ø—Ä–∞–≤–ª–µ–Ω–∏–µ (—Ñ—É–Ω–∫—Ü–∏—è LocalRedirect) (check_localredirect): Ok
Connection to ssl://sigaretyopt.ru:443	Success

–£—Å–ø–µ—à–Ω–æ
2023-Jul-06 11:46:15 –§–∞–∫—Ç–∏—á–µ—Å–∫–æ–µ –æ–≥—Ä–∞–Ω–∏—á–µ–Ω–∏–µ –ø–∞–º—è—Ç–∏ (check_memory_limit): Ok
20% done
Connection to ssl://sigaretyopt.ru:443	Success

2023-Jul-06 11:46:15 –§–∞–∫—Ç–∏—á–µ—Å–∫–æ–µ –æ–≥—Ä–∞–Ω–∏—á–µ–Ω–∏–µ –ø–∞–º—è—Ç–∏ (check_memory_limit): Ok
40% done
Connection to ssl://sigaretyopt.ru:443	Success

2023-Jul-06 11:46:16 –§–∞–∫—Ç–∏—á–µ—Å–∫–æ–µ –æ–≥—Ä–∞–Ω–∏—á–µ–Ω–∏–µ –ø–∞–º—è—Ç–∏ (check_memory_limit): Ok
60% done
Connection to ssl://sigaretyopt.ru:443	Success

2023-Jul-06 11:46:16 –§–∞–∫—Ç–∏—á–µ—Å–∫–æ–µ –æ–≥—Ä–∞–Ω–∏—á–µ–Ω–∏–µ –ø–∞–º—è—Ç–∏ (check_memory_limit): Ok
80% done
Connection to ssl://sigaretyopt.ru:443	Success

2023-Jul-06 11:46:17 –§–∞–∫—Ç–∏—á–µ—Å–∫–æ–µ –æ–≥—Ä–∞–Ω–∏—á–µ–Ω–∏–µ –ø–∞–º—è—Ç–∏ (check_memory_limit): Ok
Connection to ssl://sigaretyopt.ru:443	Success

–ù–µ –º–µ–Ω–µ–µ 256 –ú
2023-Jul-06 11:46:17 –†–∞–±–æ—Ç–∞ —Å —Ñ–∞–π–ª–∞–º–∏ –∫–µ—à–∞ (check_cache): Ok
–£—Å–ø–µ—à–Ω–æ
2023-Jul-06 11:46:18 –î–æ—Å—Ç—É–ø –∫ —Å–µ—Ä–≤–µ—Ä—É –æ–±–Ω–æ–≤–ª–µ–Ω–∏–π (check_update): Ok
–£—Å–ø–µ—à–Ω–æ
2023-Jul-06 11:46:18 HTTP –∞–≤—Ç–æ—Ä–∏–∑–∞—Ü–∏—è (check_http_auth): Ok
Connection to ssl://sigaretyopt.ru:443	Success

–£—Å–ø–µ—à–Ω–æ
2023-Jul-06 11:46:18 –°–æ–∑–¥–∞–Ω–∏–µ –∏ –∑–∞–ø—É—Å–∫ —Ñ–∞–π–ª–∞ (check_exec): Ok
Connection to ssl://sigaretyopt.ru:443	Success

–£—Å–ø–µ—à–Ω–æ
2023-Jul-06 11:46:19 –§—É–Ω–∫—Ü–∏—è getimagesize –¥–ª—è swf (check_getimagesize): Ok
–£—Å–ø–µ—à–Ω–æ
2023-Jul-06 11:46:19 –í–µ—Ä—Å–∏—è MySQL-—Å–µ—Ä–≤–µ—Ä–∞ (check_mysql_bug_version): Ok
–£—Å–ø–µ—à–Ω–æ
2023-Jul-06 11:46:20 –í—Ä–µ–º—è –Ω–∞ –ë–î –∏ –≤–µ–±-—Å–µ—Ä–≤–µ—Ä–µ (check_mysql_time): Ok
–£—Å–ø–µ—à–Ω–æ
2023-Jul-06 11:46:20 –†–µ–∂–∏–º —Ä–∞–±–æ—Ç—ã MySQL (check_mysql_mode): Fail
–û—à–∏–±–∫–∞! innodb_strict_mode=ON, —Ç—Ä–µ–±—É–µ—Ç—Å—è OFF
2023-Jul-06 11:46:21 –ö–æ–¥–∏—Ä–æ–≤–∫–∞ —Å–æ–µ–¥–∏–Ω–µ–Ω–∏—è (check_mysql_connection_charset): Ok
character_set_connection=utf8, collation_connection=utf8_unicode_ci, character_set_results=utf8
–£—Å–ø–µ—à–Ω–æ
2023-Jul-06 11:46:21 –ö–æ–¥–∏—Ä–æ–≤–∫–∞ –±–∞–∑—ã –¥–∞–Ω–Ω—ã—Ö (check_mysql_db_charset): Ok
CHARSET=utf8mb3, COLLATION=utf8_unicode_ci
–£—Å–ø–µ—à–Ω–æ
2023-Jul-06 11:46:24 –ö–æ–¥–∏—Ä–æ–≤–∫–∏ —Ç–∞–±–ª–∏—Ü –≤ –ë–î (check_mysql_table_charset): Ok
–£—Å–ø–µ—à–Ω–æ
2023-Jul-06 11:46:24 –°—Ç—Ä—É–∫—Ç—É—Ä–∞ –±–∞–∑—ã –¥–∞–Ω–Ω—ã—Ö (check_mysql_table_structure): Ok
0% done
2023-Jul-06 11:46:25 –°—Ç—Ä—É–∫—Ç—É—Ä–∞ –±–∞–∑—ã –¥–∞–Ω–Ω—ã—Ö (check_mysql_table_structure): Ok
1% done
2023-Jul-06 11:46:25 –°—Ç—Ä—É–∫—Ç—É—Ä–∞ –±–∞–∑—ã –¥–∞–Ω–Ω—ã—Ö (check_mysql_table_structure): Ok
3% done
2023-Jul-06 11:46:26 –°—Ç—Ä—É–∫—Ç—É—Ä–∞ –±–∞–∑—ã –¥–∞–Ω–Ω—ã—Ö (check_mysql_table_structure): Ok
5% done
2023-Jul-06 11:46:27 –°—Ç—Ä—É–∫—Ç—É—Ä–∞ –±–∞–∑—ã –¥–∞–Ω–Ω—ã—Ö (check_mysql_table_structure): Ok
7% done
2023-Jul-06 11:46:27 –°—Ç—Ä—É–∫—Ç—É—Ä–∞ –±–∞–∑—ã –¥–∞–Ω–Ω—ã—Ö (check_mysql_table_structure): Ok
9% done
2023-Jul-06 11:46:28 –°—Ç—Ä—É–∫—Ç—É—Ä–∞ –±–∞–∑—ã –¥–∞–Ω–Ω—ã—Ö (check_mysql_table_structure): Ok
11% done
2023-Jul-06 11:46:29 –°—Ç—Ä—É–∫—Ç—É—Ä–∞ –±–∞–∑—ã –¥–∞–Ω–Ω—ã—Ö (check_mysql_table_structure): Ok
13% done
2023-Jul-06 11:46:32 –°—Ç—Ä—É–∫—Ç—É—Ä–∞ –±–∞–∑—ã –¥–∞–Ω–Ω—ã—Ö (check_mysql_table_structure): Ok
15% done
2023-Jul-06 11:46:32 –°—Ç—Ä—É–∫—Ç—É—Ä–∞ –±–∞–∑—ã –¥–∞–Ω–Ω—ã—Ö (check_mysql_table_structure): Ok
17% done
2023-Jul-06 11:46:33 –°—Ç—Ä—É–∫—Ç—É—Ä–∞ –±–∞–∑—ã –¥–∞–Ω–Ω—ã—Ö (check_mysql_table_structure): Ok
19% done
2023-Jul-06 11:46:33 –°—Ç—Ä—É–∫—Ç—É—Ä–∞ –±–∞–∑—ã –¥–∞–Ω–Ω—ã—Ö (check_mysql_table_structure): Ok
21% done
2023-Jul-06 11:46:34 –°—Ç—Ä—É–∫—Ç—É—Ä–∞ –±–∞–∑—ã –¥–∞–Ω–Ω—ã—Ö (check_mysql_table_structure): Ok
23% done
2023-Jul-06 11:46:35 –°—Ç—Ä—É–∫—Ç—É—Ä–∞ –±–∞–∑—ã –¥–∞–Ω–Ω—ã—Ö (check_mysql_table_structure): Ok
25% done
2023-Jul-06 11:46:36 –°—Ç—Ä—É–∫—Ç—É—Ä–∞ –±–∞–∑—ã –¥–∞–Ω–Ω—ã—Ö (check_mysql_table_structure): Ok
26% done
2023-Jul-06 11:46:37 –°—Ç—Ä—É–∫—Ç—É—Ä–∞ –±–∞–∑—ã –¥–∞–Ω–Ω—ã—Ö (check_mysql_table_structure): Ok
28% done
2023-Jul-06 11:46:38 –°—Ç—Ä—É–∫—Ç—É—Ä–∞ –±–∞–∑—ã –¥–∞–Ω–Ω—ã—Ö (check_mysql_table_structure): Ok
30% done
2023-Jul-06 11:46:39 –°—Ç—Ä—É–∫—Ç—É—Ä–∞ –±–∞–∑—ã –¥–∞–Ω–Ω—ã—Ö (check_mysql_table_structure): Ok
32% done
2023-Jul-06 11:46:41 –°—Ç—Ä—É–∫—Ç—É—Ä–∞ –±–∞–∑—ã –¥–∞–Ω–Ω—ã—Ö (check_mysql_table_structure): Ok
34% done
2023-Jul-06 11:46:43 –°—Ç—Ä—É–∫—Ç—É—Ä–∞ –±–∞–∑—ã –¥–∞–Ω–Ω—ã—Ö (check_mysql_table_structure): Ok
36% done
2023-Jul-06 11:46:44 –°—Ç—Ä—É–∫—Ç—É—Ä–∞ –±–∞–∑—ã –¥–∞–Ω–Ω—ã—Ö (check_mysql_table_structure): Ok
38% done
2023-Jul-06 11:46:45 –°—Ç—Ä—É–∫—Ç—É—Ä–∞ –±–∞–∑—ã –¥–∞–Ω–Ω—ã—Ö (check_mysql_table_structure): Ok
40% done
2023-Jul-06 11:46:46 –°—Ç—Ä—É–∫—Ç—É—Ä–∞ –±–∞–∑—ã –¥–∞–Ω–Ω—ã—Ö (check_mysql_table_structure): Ok
42% done
2023-Jul-06 11:46:51 –°—Ç—Ä—É–∫—Ç—É—Ä–∞ –±–∞–∑—ã –¥–∞–Ω–Ω—ã—Ö (check_mysql_table_structure): Ok
44% done
2023-Jul-06 11:46:52 –°—Ç—Ä—É–∫—Ç—É—Ä–∞ –±–∞–∑—ã –¥–∞–Ω–Ω—ã—Ö (check_mysql_table_structure): Ok
46% done
2023-Jul-06 11:46:52 –°—Ç—Ä—É–∫—Ç—É—Ä–∞ –±–∞–∑—ã –¥–∞–Ω–Ω—ã—Ö (check_mysql_table_structure): Ok
48% done
